<?xml version="1.0" encoding="UTF-8"?>
<robot generator="Robot 5.0.1 (Python 3.10.5 on win32)" generated="20220808 21:01:38.087" rpa="false" schemaversion="3">
<suite id="s1" name="Desafio Sankhya" source="D:\prog\Robot\desafio_sankhya">
<suite id="s1-s1" name="Test" source="D:\prog\Robot\desafio_sankhya\test">
<suite id="s1-s1-s1" name="Api" source="D:\prog\Robot\desafio_sankhya\test\api.robot">
<test id="s1-s1-s1-t1" name="Cadastro um novo usuário de" line="11">
<kw name="Dado que tenho os dados para efetuar o serviço create_user" library="resource">
<kw name="Get File" library="OperatingSystem">
<var>${payload_user}</var>
<arg>./json/body.json</arg>
<doc>Returns the contents of a specified file.</doc>
<msg timestamp="20220808 21:01:38.257" level="INFO" html="true">Getting file '&lt;a href="file://D:\prog\Robot\desafio_sankhya\json\body.json"&gt;D:\prog\Robot\desafio_sankhya\json\body.json&lt;/a&gt;'.</msg>
<msg timestamp="20220808 21:01:38.259" level="INFO">${payload_user} = {
    "name": "Roberval teste Api ",
    "gender": "male",
    "email": "roberval_male@16ce.com",
    "status": "active"
}</msg>
<status status="PASS" starttime="20220808 21:01:38.257" endtime="20220808 21:01:38.261"/>
</kw>
<kw name="Create Session" library="RequestsLibrary">
<arg>gorest</arg>
<arg>${end_point}</arg>
<arg>${headers.Content-Type}</arg>
<doc>Create Session: create a HTTP session to a server</doc>
<msg timestamp="20220808 21:01:38.263" level="FAIL">Resolving variable '${headers.Content-Type}' failed: AttributeError: Content</msg>
<status status="FAIL" starttime="20220808 21:01:38.261" endtime="20220808 21:01:38.264"/>
</kw>
<kw name="POST On Session" library="RequestsLibrary">
<var>${response}</var>
<arg>alias=gorest</arg>
<arg>url=${end_point}</arg>
<arg>data=${payload_user}</arg>
<doc>Sends a POST request on a previously created HTTP Session.</doc>
<status status="NOT RUN" starttime="20220808 21:01:38.265" endtime="20220808 21:01:38.265"/>
</kw>
<status status="FAIL" starttime="20220808 21:01:38.256" endtime="20220808 21:01:38.266"/>
</kw>
<status status="FAIL" starttime="20220808 21:01:38.253" endtime="20220808 21:01:38.267">Resolving variable '${headers.Content-Type}' failed: AttributeError: Content</status>
</test>
<status status="FAIL" starttime="20220808 21:01:38.125" endtime="20220808 21:01:38.271"/>
</suite>
<status status="FAIL" starttime="20220808 21:01:38.120" endtime="20220808 21:01:38.274"/>
</suite>
<status status="FAIL" starttime="20220808 21:01:38.092" endtime="20220808 21:01:38.278"/>
</suite>
<statistics>
<total>
<stat pass="0" fail="1" skip="0">All Tests</stat>
</total>
<tag>
</tag>
<suite>
<stat pass="0" fail="1" skip="0" id="s1" name="Desafio Sankhya">Desafio Sankhya</stat>
<stat pass="0" fail="1" skip="0" id="s1-s1" name="Test">Desafio Sankhya.Test</stat>
<stat pass="0" fail="1" skip="0" id="s1-s1-s1" name="Api">Desafio Sankhya.Test.Api</stat>
</suite>
</statistics>
<errors>
</errors>
</robot>
