<?xml version="1.0" encoding="UTF-8"?>
<robot generator="Robot 5.0.1 (Python 3.10.5 on win32)" generated="20220808 21:07:50.898" rpa="false" schemaversion="3">
<suite id="s1" name="Desafio Sankhya" source="D:\prog\Robot\desafio_sankhya">
<suite id="s1-s1" name="Test" source="D:\prog\Robot\desafio_sankhya\test">
<suite id="s1-s1-s1" name="Api" source="D:\prog\Robot\desafio_sankhya\test\api.robot">
<test id="s1-s1-s1-t1" name="Cadastro um novo usuário de" line="11">
<kw name="Dado que tenho os dados para efetuar o serviço create_user" library="resource">
<kw name="Get File" library="OperatingSystem">
<var>${payload_user}</var>
<arg>./json/body.json</arg>
<doc>Returns the contents of a specified file.</doc>
<msg timestamp="20220808 21:07:51.094" level="INFO" html="true">Getting file '&lt;a href="file://D:\prog\Robot\desafio_sankhya\json\body.json"&gt;D:\prog\Robot\desafio_sankhya\json\body.json&lt;/a&gt;'.</msg>
<msg timestamp="20220808 21:07:51.096" level="INFO">${payload_user} = {
    "name": "Roberval teste Api ",
    "gender": "male",
    "email": "roberval_male@16ce.com",
    "status": "active"
}</msg>
<status status="PASS" starttime="20220808 21:07:51.094" endtime="20220808 21:07:51.097"/>
</kw>
<kw name="Create Session" library="RequestsLibrary">
<arg>gorest</arg>
<arg>${end_point}</arg>
<arg>${headers}</arg>
<doc>Create Session: create a HTTP session to a server</doc>
<msg timestamp="20220808 21:07:51.099" level="INFO">Creating Session using : alias=gorest, url="", headers={'Content-Type': 'application/json', 'Authorization': 'Bearer d85fc5d3d4f9fb82c58f4ca6a62077c3123cb1043a2f00d988be6b39bf96bdcd'},                     cookies={}, auth=None, timeout=None, proxies=None, verify=False,                     debug=0 </msg>
<status status="PASS" starttime="20220808 21:07:51.098" endtime="20220808 21:07:51.100"/>
</kw>
<kw name="Set Test Variable" library="BuiltIn">
<arg>${payload_user}</arg>
<doc>Makes a variable available everywhere within the scope of the current test.</doc>
<msg timestamp="20220808 21:07:51.102" level="INFO">${payload_user} = {
    "name": "Roberval teste Api ",
    "gender": "male",
    "email": "roberval_male@16ce.com",
    "status": "active"
}</msg>
<status status="PASS" starttime="20220808 21:07:51.101" endtime="20220808 21:07:51.105"/>
</kw>
<status status="PASS" starttime="20220808 21:07:51.094" endtime="20220808 21:07:51.106"/>
</kw>
<status status="PASS" starttime="20220808 21:07:51.092" endtime="20220808 21:07:51.107"/>
</test>
<status status="PASS" starttime="20220808 21:07:50.943" endtime="20220808 21:07:51.112"/>
</suite>
<status status="PASS" starttime="20220808 21:07:50.938" endtime="20220808 21:07:51.118"/>
</suite>
<status status="PASS" starttime="20220808 21:07:50.905" endtime="20220808 21:07:51.121"/>
</suite>
<statistics>
<total>
<stat pass="1" fail="0" skip="0">All Tests</stat>
</total>
<tag>
</tag>
<suite>
<stat pass="1" fail="0" skip="0" id="s1" name="Desafio Sankhya">Desafio Sankhya</stat>
<stat pass="1" fail="0" skip="0" id="s1-s1" name="Test">Desafio Sankhya.Test</stat>
<stat pass="1" fail="0" skip="0" id="s1-s1-s1" name="Api">Desafio Sankhya.Test.Api</stat>
</suite>
</statistics>
<errors>
</errors>
</robot>
